<?xml version="1.0" encoding="UTF-8" standalone="yes"?><!DOCTYPE report PUBLIC "-//JACOCO//DTD Report 1.1//EN" "report.dtd"><report name="PROJET_9_Mediscreen-diabetes"><sessioninfo id="DESKTOP-A56R38B-81495e26" start="1661944888015" dump="1661944894576"/><sessioninfo id="DESKTOP-A56R38B-5d2523c6" start="1661944906646" dump="1661944912986"/><package name="com/openclassroom/microservice/diabetes/service"><class name="com/openclassroom/microservice/diabetes/service/CaseOfDiabetesService" sourcefilename="CaseOfDiabetesService.java"/><class name="com/openclassroom/microservice/diabetes/service/CaseOfDiabetesServiceImpl" sourcefilename="CaseOfDiabetesServiceImpl.java"><method name="&lt;init&gt;" desc="()V" line="16"><counter type="INSTRUCTION" missed="0" covered="8"/><counter type="LINE" missed="0" covered="2"/><counter type="COMPLEXITY" missed="0" covered="1"/><counter type="METHOD" missed="0" covered="1"/></method><method name="listInit" desc="()V" line="24"><counter type="INSTRUCTION" missed="0" covered="52"/><counter type="LINE" missed="0" covered="2"/><counter type="COMPLEXITY" missed="0" covered="1"/><counter type="METHOD" missed="0" covered="1"/></method><method name="risk" desc="(Lcom/openclassroom/microservice/diabetes/model/CaseOfDiabetes;)I" line="41"><counter type="INSTRUCTION" missed="0" covered="38"/><counter type="BRANCH" missed="0" covered="6"/><counter type="LINE" missed="0" covered="10"/><counter type="COMPLEXITY" missed="0" covered="4"/><counter type="METHOD" missed="0" covered="1"/></method><method name="noneCase" desc="(Lcom/openclassroom/microservice/diabetes/model/CaseOfDiabetes;)Z" line="68"><counter type="INSTRUCTION" missed="0" covered="10"/><counter type="BRANCH" missed="0" covered="2"/><counter type="LINE" missed="0" covered="4"/><counter type="COMPLEXITY" missed="0" covered="2"/><counter type="METHOD" missed="0" covered="1"/></method><method name="borderlineCase" desc="(Lcom/openclassroom/microservice/diabetes/model/CaseOfDiabetes;)Z" line="89"><counter type="INSTRUCTION" missed="3" covered="44"/><counter type="BRANCH" missed="2" covered="4"/><counter type="LINE" missed="2" covered="9"/><counter type="COMPLEXITY" missed="2" covered="2"/><counter type="METHOD" missed="0" covered="1"/></method><method name="inDangerCase" desc="(Lcom/openclassroom/microservice/diabetes/model/CaseOfDiabetes;)Z" line="123"><counter type="INSTRUCTION" missed="3" covered="72"/><counter type="BRANCH" missed="5" covered="13"/><counter type="LINE" missed="2" covered="13"/><counter type="COMPLEXITY" missed="5" covered="5"/><counter type="METHOD" missed="0" covered="1"/></method><method name="earlyOnsetCase" desc="(Lcom/openclassroom/microservice/diabetes/model/CaseOfDiabetes;)Z" line="168"><counter type="INSTRUCTION" missed="3" covered="69"/><counter type="BRANCH" missed="4" covered="12"/><counter type="LINE" missed="2" covered="13"/><counter type="COMPLEXITY" missed="4" covered="5"/><counter type="METHOD" missed="0" covered="1"/></method><counter type="INSTRUCTION" missed="9" covered="293"/><counter type="BRANCH" missed="11" covered="37"/><counter type="LINE" missed="6" covered="53"/><counter type="COMPLEXITY" missed="11" covered="20"/><counter type="METHOD" missed="0" covered="7"/><counter type="CLASS" missed="0" covered="1"/></class><sourcefile name="CaseOfDiabetesService.java"/><sourcefile name="CaseOfDiabetesServiceImpl.java"><line nr="16" mi="0" ci="2" mb="0" cb="0"/><line nr="19" mi="0" ci="6" mb="0" cb="0"/><line nr="24" mi="0" ci="51" mb="0" cb="0"/><line nr="36" mi="0" ci="1" mb="0" cb="0"/><line nr="41" mi="0" ci="3" mb="0" cb="0"/><line nr="43" mi="0" ci="2" mb="0" cb="0"/><line nr="45" mi="0" ci="2" mb="0" cb="0"/><line nr="47" mi="0" ci="11" mb="0" cb="2"/><line nr="49" mi="0" ci="11" mb="0" cb="2"/><line nr="52" mi="0" ci="4" mb="0" cb="2"/><line nr="54" mi="0" ci="1" mb="0" cb="0"/><line nr="57" mi="0" ci="1" mb="0" cb="0"/><line nr="58" mi="0" ci="1" mb="0" cb="0"/><line nr="59" mi="0" ci="2" mb="0" cb="0"/><line nr="68" mi="0" ci="4" mb="0" cb="0"/><line nr="70" mi="0" ci="2" mb="0" cb="2"/><line nr="72" mi="0" ci="2" mb="0" cb="0"/><line nr="76" mi="0" ci="2" mb="0" cb="0"/><line nr="89" mi="0" ci="4" mb="0" cb="0"/><line nr="91" mi="0" ci="6" mb="0" cb="0"/><line nr="92" mi="0" ci="5" mb="0" cb="0"/><line nr="93" mi="0" ci="4" mb="0" cb="0"/><line nr="95" mi="0" ci="10" mb="0" cb="0"/><line nr="97" mi="0" ci="10" mb="2" cb="4"/><line nr="98" mi="0" ci="2" mb="0" cb="0"/><line nr="103" mi="1" ci="0" mb="0" cb="0"/><line nr="106" mi="2" ci="0" mb="0" cb="0"/><line nr="107" mi="0" ci="1" mb="0" cb="0"/><line nr="110" mi="0" ci="2" mb="0" cb="0"/><line nr="123" mi="0" ci="4" mb="0" cb="0"/><line nr="125" mi="0" ci="6" mb="0" cb="0"/><line nr="126" mi="0" ci="5" mb="0" cb="0"/><line nr="127" mi="0" ci="4" mb="0" cb="0"/><line nr="129" mi="0" ci="10" mb="0" cb="0"/><line nr="133" mi="0" ci="12" mb="1" cb="5"/><line nr="134" mi="0" ci="2" mb="0" cb="0"/><line nr="137" mi="0" ci="12" mb="2" cb="4"/><line nr="138" mi="0" ci="2" mb="0" cb="0"/><line nr="141" mi="0" ci="10" mb="2" cb="4"/><line nr="142" mi="0" ci="2" mb="0" cb="0"/><line nr="148" mi="1" ci="0" mb="0" cb="0"/><line nr="151" mi="2" ci="0" mb="0" cb="0"/><line nr="152" mi="0" ci="1" mb="0" cb="0"/><line nr="155" mi="0" ci="2" mb="0" cb="0"/><line nr="168" mi="0" ci="4" mb="0" cb="0"/><line nr="170" mi="0" ci="6" mb="0" cb="0"/><line nr="171" mi="0" ci="5" mb="0" cb="0"/><line nr="172" mi="0" ci="4" mb="0" cb="0"/><line nr="174" mi="0" ci="10" mb="0" cb="0"/><line nr="178" mi="0" ci="12" mb="1" cb="5"/><line nr="179" mi="0" ci="2" mb="0" cb="0"/><line nr="182" mi="0" ci="12" mb="2" cb="4"/><line nr="183" mi="0" ci="2" mb="0" cb="0"/><line nr="186" mi="0" ci="7" mb="1" cb="3"/><line nr="187" mi="0" ci="2" mb="0" cb="0"/><line nr="193" mi="1" ci="0" mb="0" cb="0"/><line nr="196" mi="2" ci="0" mb="0" cb="0"/><line nr="197" mi="0" ci="1" mb="0" cb="0"/><line nr="200" mi="0" ci="2" mb="0" cb="0"/><counter type="INSTRUCTION" missed="9" covered="293"/><counter type="BRANCH" missed="11" covered="37"/><counter type="LINE" missed="6" covered="53"/><counter type="COMPLEXITY" missed="11" covered="20"/><counter type="METHOD" missed="0" covered="7"/><counter type="CLASS" missed="0" covered="1"/></sourcefile><counter type="INSTRUCTION" missed="9" covered="293"/><counter type="BRANCH" missed="11" covered="37"/><counter type="LINE" missed="6" covered="53"/><counter type="COMPLEXITY" missed="11" covered="20"/><counter type="METHOD" missed="0" covered="7"/><counter type="CLASS" missed="0" covered="1"/></package><package name="com/openclassroom/microservice/diabetes/controller"><class name="com/openclassroom/microservice/diabetes/controller/CaseOfDiabetesController" sourcefilename="CaseOfDiabetesController.java"><method name="&lt;init&gt;" desc="()V" line="15"><counter type="INSTRUCTION" missed="0" covered="3"/><counter type="LINE" missed="0" covered="1"/><counter type="COMPLEXITY" missed="0" covered="1"/><counter type="METHOD" missed="0" covered="1"/></method><method name="getCase" desc="(Ljava/lang/Integer;Lcom/openclassroom/microservice/diabetes/model/CaseOfDiabetes;)Ljava/lang/String;" line="24"><counter type="INSTRUCTION" missed="15" covered="20"/><counter type="BRANCH" missed="5" covered="3"/><counter type="LINE" missed="4" covered="6"/><counter type="COMPLEXITY" missed="3" covered="2"/><counter type="METHOD" missed="0" covered="1"/></method><counter type="INSTRUCTION" missed="15" covered="23"/><counter type="BRANCH" missed="5" covered="3"/><counter type="LINE" missed="4" covered="7"/><counter type="COMPLEXITY" missed="3" covered="3"/><counter type="METHOD" missed="0" covered="2"/><counter type="CLASS" missed="0" covered="1"/></class><sourcefile name="CaseOfDiabetesController.java"><line nr="15" mi="0" ci="3" mb="0" cb="0"/><line nr="24" mi="0" ci="2" mb="0" cb="0"/><line nr="26" mi="0" ci="5" mb="0" cb="2"/><line nr="28" mi="0" ci="3" mb="0" cb="0"/><line nr="31" mi="0" ci="5" mb="1" cb="1"/><line nr="33" mi="0" ci="3" mb="0" cb="0"/><line nr="36" mi="5" ci="0" mb="2" cb="0"/><line nr="38" mi="3" ci="0" mb="0" cb="0"/><line nr="41" mi="5" ci="0" mb="2" cb="0"/><line nr="43" mi="2" ci="0" mb="0" cb="0"/><line nr="47" mi="0" ci="2" mb="0" cb="0"/><counter type="INSTRUCTION" missed="15" covered="23"/><counter type="BRANCH" missed="5" covered="3"/><counter type="LINE" missed="4" covered="7"/><counter type="COMPLEXITY" missed="3" covered="3"/><counter type="METHOD" missed="0" covered="2"/><counter type="CLASS" missed="0" covered="1"/></sourcefile><counter type="INSTRUCTION" missed="15" covered="23"/><counter type="BRANCH" missed="5" covered="3"/><counter type="LINE" missed="4" covered="7"/><counter type="COMPLEXITY" missed="3" covered="3"/><counter type="METHOD" missed="0" covered="2"/><counter type="CLASS" missed="0" covered="1"/></package><package name="com/openclassroom/microservice/diabetes"><class name="com/openclassroom/microservice/diabetes/Projet9MediscreenDiabetesApplication" sourcefilename="Projet9MediscreenDiabetesApplication.java"><method name="&lt;init&gt;" desc="()V" line="15"><counter type="INSTRUCTION" missed="0" covered="3"/><counter type="LINE" missed="0" covered="1"/><counter type="COMPLEXITY" missed="0" covered="1"/><counter type="METHOD" missed="0" covered="1"/></method><method name="main" desc="([Ljava/lang/String;)V" line="23"><counter type="INSTRUCTION" missed="5" covered="0"/><counter type="LINE" missed="2" covered="0"/><counter type="COMPLEXITY" missed="1" covered="0"/><counter type="METHOD" missed="1" covered="0"/></method><method name="run" desc="([Ljava/lang/String;)V" line="50"><counter type="INSTRUCTION" missed="0" covered="1"/><counter type="LINE" missed="0" covered="1"/><counter type="COMPLEXITY" missed="0" covered="1"/><counter type="METHOD" missed="0" covered="1"/></method><counter type="INSTRUCTION" missed="5" covered="4"/><counter type="LINE" missed="2" covered="2"/><counter type="COMPLEXITY" missed="1" covered="2"/><counter type="METHOD" missed="1" covered="2"/><counter type="CLASS" missed="0" covered="1"/></class><sourcefile name="Projet9MediscreenDiabetesApplication.java"><line nr="15" mi="0" ci="3" mb="0" cb="0"/><line nr="23" mi="4" ci="0" mb="0" cb="0"/><line nr="24" mi="1" ci="0" mb="0" cb="0"/><line nr="50" mi="0" ci="1" mb="0" cb="0"/><counter type="INSTRUCTION" missed="5" covered="4"/><counter type="LINE" missed="2" covered="2"/><counter type="COMPLEXITY" missed="1" covered="2"/><counter type="METHOD" missed="1" covered="2"/><counter type="CLASS" missed="0" covered="1"/></sourcefile><counter type="INSTRUCTION" missed="5" covered="4"/><counter type="LINE" missed="2" covered="2"/><counter type="COMPLEXITY" missed="1" covered="2"/><counter type="METHOD" missed="1" covered="2"/><counter type="CLASS" missed="0" covered="1"/></package><package name="com/openclassroom/microservice/diabetes/model"><class name="com/openclassroom/microservice/diabetes/model/CaseOfDiabetes" sourcefilename="CaseOfDiabetes.java"><method name="&lt;init&gt;" desc="()V" line="13"><counter type="INSTRUCTION" missed="0" covered="3"/><counter type="LINE" missed="0" covered="2"/><counter type="COMPLEXITY" missed="0" covered="1"/><counter type="METHOD" missed="0" covered="1"/></method><method name="&lt;init&gt;" desc="(Ljava/util/List;Ljava/lang/String;Ljava/lang/String;)V" line="18"><counter type="INSTRUCTION" missed="12" covered="0"/><counter type="LINE" missed="5" covered="0"/><counter type="COMPLEXITY" missed="1" covered="0"/><counter type="METHOD" missed="1" covered="0"/></method><method name="getPatientNote" desc="()Ljava/util/List;" line="28"><counter type="INSTRUCTION" missed="0" covered="3"/><counter type="LINE" missed="0" covered="1"/><counter type="COMPLEXITY" missed="0" covered="1"/><counter type="METHOD" missed="0" covered="1"/></method><method name="setPatientNote" desc="(Ljava/util/List;)V" line="33"><counter type="INSTRUCTION" missed="0" covered="4"/><counter type="LINE" missed="0" covered="2"/><counter type="COMPLEXITY" missed="0" covered="1"/><counter type="METHOD" missed="0" covered="1"/></method><method name="getPatientBirthdate" desc="()Ljava/lang/String;" line="38"><counter type="INSTRUCTION" missed="0" covered="3"/><counter type="LINE" missed="0" covered="1"/><counter type="COMPLEXITY" missed="0" covered="1"/><counter type="METHOD" missed="0" covered="1"/></method><method name="setPatientBirthdate" desc="(Ljava/lang/String;)V" line="43"><counter type="INSTRUCTION" missed="0" covered="4"/><counter type="LINE" missed="0" covered="2"/><counter type="COMPLEXITY" missed="0" covered="1"/><counter type="METHOD" missed="0" covered="1"/></method><method name="getPatientGender" desc="()Ljava/lang/String;" line="48"><counter type="INSTRUCTION" missed="0" covered="3"/><counter type="LINE" missed="0" covered="1"/><counter type="COMPLEXITY" missed="0" covered="1"/><counter type="METHOD" missed="0" covered="1"/></method><method name="setPatientGender" desc="(Ljava/lang/String;)V" line="53"><counter type="INSTRUCTION" missed="0" covered="4"/><counter type="LINE" missed="0" covered="2"/><counter type="COMPLEXITY" missed="0" covered="1"/><counter type="METHOD" missed="0" covered="1"/></method><counter type="INSTRUCTION" missed="12" covered="24"/><counter type="LINE" missed="5" covered="11"/><counter type="COMPLEXITY" missed="1" covered="7"/><counter type="METHOD" missed="1" covered="7"/><counter type="CLASS" missed="0" covered="1"/></class><sourcefile name="CaseOfDiabetes.java"><line nr="13" mi="0" ci="2" mb="0" cb="0"/><line nr="14" mi="0" ci="1" mb="0" cb="0"/><line nr="18" mi="2" ci="0" mb="0" cb="0"/><line nr="19" mi="3" ci="0" mb="0" cb="0"/><line nr="20" mi="3" ci="0" mb="0" cb="0"/><line nr="21" mi="3" ci="0" mb="0" cb="0"/><line nr="22" mi="1" ci="0" mb="0" cb="0"/><line nr="28" mi="0" ci="3" mb="0" cb="0"/><line nr="33" mi="0" ci="3" mb="0" cb="0"/><line nr="34" mi="0" ci="1" mb="0" cb="0"/><line nr="38" mi="0" ci="3" mb="0" cb="0"/><line nr="43" mi="0" ci="3" mb="0" cb="0"/><line nr="44" mi="0" ci="1" mb="0" cb="0"/><line nr="48" mi="0" ci="3" mb="0" cb="0"/><line nr="53" mi="0" ci="3" mb="0" cb="0"/><line nr="54" mi="0" ci="1" mb="0" cb="0"/><counter type="INSTRUCTION" missed="12" covered="24"/><counter type="LINE" missed="5" covered="11"/><counter type="COMPLEXITY" missed="1" covered="7"/><counter type="METHOD" missed="1" covered="7"/><counter type="CLASS" missed="0" covered="1"/></sourcefile><counter type="INSTRUCTION" missed="12" covered="24"/><counter type="LINE" missed="5" covered="11"/><counter type="COMPLEXITY" missed="1" covered="7"/><counter type="METHOD" missed="1" covered="7"/><counter type="CLASS" missed="0" covered="1"/></package><counter type="INSTRUCTION" missed="41" covered="344"/><counter type="BRANCH" missed="16" covered="40"/><counter type="LINE" missed="17" covered="73"/><counter type="COMPLEXITY" missed="16" covered="32"/><counter type="METHOD" missed="2" covered="18"/><counter type="CLASS" missed="0" covered="4"/></report>