<?xml version="1.0" encoding="UTF-8"?>
<testsuite xmlns:xsi="http://www.w3.org/2001/XMLSchema-instance" xsi:noNamespaceSchemaLocation="https://maven.apache.org/surefire/maven-surefire-plugin/xsd/surefire-test-report.xsd" name="com.openclassroom.microservice.diabetes.service.DiabetesServiceTest" time="0.125" tests="15" errors="0" skipped="0" failures="0">
  <properties>
[...]
</properties>
  <testcase name="borderlineCaseTestTrue" classname="com.openclassroom.microservice.diabetes.service.DiabetesServiceTest" time="0"/>
  <testcase name="borderlineCaseTestFalse" classname="com.openclassroom.microservice.diabetes.service.DiabetesServiceTest" time="0"/>
  <testcase name="earlyOnSetCaseTestFalseWithMan" classname="com.openclassroom.microservice.diabetes.service.DiabetesServiceTest" time="0"/>
  <testcase name="inDangerCaseTestTrueWithWoman" classname="com.openclassroom.microservice.diabetes.service.DiabetesServiceTest" time="0.005"/>
  <testcase name="riskTest" classname="com.openclassroom.microservice.diabetes.service.DiabetesServiceTest" time="0.007"/>
  <testcase name="earlyOnSetCaseTestTrueWithWoman" classname="com.openclassroom.microservice.diabetes.service.DiabetesServiceTest" time="0.006"/>
  <testcase name="inDangerCaseTestTrueWithMan" classname="com.openclassroom.microservice.diabetes.service.DiabetesServiceTest" time="0.006"/>
  <testcase name="noneCaseTestFalse" classname="com.openclassroom.microservice.diabetes.service.DiabetesServiceTest" time="0.01"/>
  <testcase name="inDangerCaseTestFalseWithWoman" classname="com.openclassroom.microservice.diabetes.service.DiabetesServiceTest" time="0.008"/>
  <testcase name="earlyOnSetCaseTestTrueWithMoreThan8Words" classname="com.openclassroom.microservice.diabetes.service.DiabetesServiceTest" time="0.004"/>
  <testcase name="inDangerCaseTestFalseWithSixWords" classname="com.openclassroom.microservice.diabetes.service.DiabetesServiceTest" time="0.006"/>
  <testcase name="earlyOnSetCaseTestTrueWithMan" classname="com.openclassroom.microservice.diabetes.service.DiabetesServiceTest" time="0.006"/>
  <testcase name="inDangerCaseTestTrueWithSixWords" classname="com.openclassroom.microservice.diabetes.service.DiabetesServiceTest" time="0.006"/>
  <testcase name="noneCaseTestTrue" classname="com.openclassroom.microservice.diabetes.service.DiabetesServiceTest" time="0.005"/>
  <testcase name="earlyOnSetCaseTestFalseWithWoman" classname="com.openclassroom.microservice.diabetes.service.DiabetesServiceTest" time="0.003"/>
</testsuite>